This is pdfTeX, Version 3.14159265-2.6-1.40.17 (MiKTeX 2.9.6210 64-bit) (preloaded format=pdflatex 2017.11.5)  29 DEC 2019 16:59
entering extended mode
**C:/Users/briencj/AppData/Local/Temp/Rtmpe4LXjb/Rd2pdf2c9061c46a64/Rd2.tex
(C:/Users/briencj/AppData/Local/Temp/Rtmpe4LXjb/Rd2pdf2c9061c46a64/Rd2.tex
LaTeX2e <2017/01/01> patch level 3
Babel <3.9r> and hyphenation patterns for 75 language(s) loaded.

("C:\Program Files\MiKTeX 2.9\tex\latex\base\book.cls"
Document Class: book 2014/09/29 v1.4h Standard LaTeX document class
("C:\Program Files\MiKTeX 2.9\tex\latex\base\bk10.clo"
File: bk10.clo 2014/09/29 v1.4h Standard LaTeX file (size option)
)
\c@part=\count79
\c@chapter=\count80
\c@section=\count81
\c@subsection=\count82
\c@subsubsection=\count83
\c@paragraph=\count84
\c@subparagraph=\count85
\c@figure=\count86
\c@table=\count87
\abovecaptionskip=\skip41
\belowcaptionskip=\skip42
\bibindent=\dimen102
)
(C:/PROGRA~1/StatSoft/R/R-3.6.1/share/texmf/tex/latex\Rd.sty
Package: Rd 

("C:\Program Files\MiKTeX 2.9\tex\latex\base\ifthen.sty"
Package: ifthen 2014/09/29 v1.1c Standard LaTeX ifthen package (DPC)
)
("C:\Program Files\MiKTeX 2.9\tex\latex\tools\longtable.sty"
Package: longtable 2014/10/28 v4.11 Multi-page Table package (DPC)
\LTleft=\skip43
\LTright=\skip44
\LTpre=\skip45
\LTpost=\skip46
\LTchunksize=\count88
\LTcapwidth=\dimen103
\LT@head=\box26
\LT@firsthead=\box27
\LT@foot=\box28
\LT@lastfoot=\box29
\LT@cols=\count89
\LT@rows=\count90
\c@LT@tables=\count91
\c@LT@chunks=\count92
\LT@p@ftn=\toks14
)
("C:\Program Files\MiKTeX 2.9\tex\latex\tools\bm.sty"
Package: bm 2017/01/16 v1.2c Bold Symbol Support (DPC/FMi)
\symboldoperators=\mathgroup4
\symboldletters=\mathgroup5
\symboldsymbols=\mathgroup6
LaTeX Font Info:    Redeclaring math alphabet \mathbf on input line 141.
LaTeX Info: Redefining \bm on input line 207.
)
("C:\Program Files\MiKTeX 2.9\tex\latex\base\alltt.sty"
Package: alltt 1997/06/16 v2.0g defines alltt environment
)
("C:\Program Files\MiKTeX 2.9\tex\latex\tools\verbatim.sty"
Package: verbatim 2014/10/28 v1.5q LaTeX2e package for verbatim enhancements
\every@verbatim=\toks15
\verbatim@line=\toks16
\verbatim@in@stream=\read1
)
("C:\Program Files\MiKTeX 2.9\tex\latex\url\url.sty"
\Urlmuskip=\muskip10
Package: url 2013/09/16  ver 3.4  Verb mode for urls, etc.
)
("C:\Program Files\MiKTeX 2.9\tex\latex\base\textcomp.sty"
Package: textcomp 2017/02/22 v2.0g Standard LaTeX package
Package textcomp Info: Sub-encoding information:
(textcomp)               5 = only ISO-Adobe without \textcurrency
(textcomp)               4 = 5 + \texteuro
(textcomp)               3 = 4 + \textohm
(textcomp)               2 = 3 + \textestimated + \textcurrency
(textcomp)               1 = TS1 - \textcircled - \t
(textcomp)               0 = TS1 (full)
(textcomp)             Font families with sub-encoding setting implement
(textcomp)             only a restricted character set as indicated.
(textcomp)             Family '?' is the default used for unknown fonts.
(textcomp)             See the documentation for details.
Package textcomp Info: Setting ? sub-encoding to TS1/1 on input line 79.

("C:\Program Files\MiKTeX 2.9\tex\latex\base\ts1enc.def"
File: ts1enc.def 2001/06/05 v3.0e (jk/car/fm) Standard LaTeX file
)
LaTeX Info: Redefining \oldstylenums on input line 334.
Package textcomp Info: Setting cmr sub-encoding to TS1/0 on input line 349.
Package textcomp Info: Setting cmss sub-encoding to TS1/0 on input line 350.
Package textcomp Info: Setting cmtt sub-encoding to TS1/0 on input line 351.
Package textcomp Info: Setting cmvtt sub-encoding to TS1/0 on input line 352.
Package textcomp Info: Setting cmbr sub-encoding to TS1/0 on input line 353.
Package textcomp Info: Setting cmtl sub-encoding to TS1/0 on input line 354.
Package textcomp Info: Setting ccr sub-encoding to TS1/0 on input line 355.
Package textcomp Info: Setting ptm sub-encoding to TS1/4 on input line 356.
Package textcomp Info: Setting pcr sub-encoding to TS1/4 on input line 357.
Package textcomp Info: Setting phv sub-encoding to TS1/4 on input line 358.
Package textcomp Info: Setting ppl sub-encoding to TS1/3 on input line 359.
Package textcomp Info: Setting pag sub-encoding to TS1/4 on input line 360.
Package textcomp Info: Setting pbk sub-encoding to TS1/4 on input line 361.
Package textcomp Info: Setting pnc sub-encoding to TS1/4 on input line 362.
Package textcomp Info: Setting pzc sub-encoding to TS1/4 on input line 363.
Package textcomp Info: Setting bch sub-encoding to TS1/4 on input line 364.
Package textcomp Info: Setting put sub-encoding to TS1/5 on input line 365.
Package textcomp Info: Setting uag sub-encoding to TS1/5 on input line 366.
Package textcomp Info: Setting ugq sub-encoding to TS1/5 on input line 367.
Package textcomp Info: Setting ul8 sub-encoding to TS1/4 on input line 368.
Package textcomp Info: Setting ul9 sub-encoding to TS1/4 on input line 369.
Package textcomp Info: Setting augie sub-encoding to TS1/5 on input line 370.
Package textcomp Info: Setting dayrom sub-encoding to TS1/3 on input line 371.
Package textcomp Info: Setting dayroms sub-encoding to TS1/3 on input line 372.

Package textcomp Info: Setting pxr sub-encoding to TS1/0 on input line 373.
Package textcomp Info: Setting pxss sub-encoding to TS1/0 on input line 374.
Package textcomp Info: Setting pxtt sub-encoding to TS1/0 on input line 375.
Package textcomp Info: Setting txr sub-encoding to TS1/0 on input line 376.
Package textcomp Info: Setting txss sub-encoding to TS1/0 on input line 377.
Package textcomp Info: Setting txtt sub-encoding to TS1/0 on input line 378.
Package textcomp Info: Setting lmr sub-encoding to TS1/0 on input line 379.
Package textcomp Info: Setting lmdh sub-encoding to TS1/0 on input line 380.
Package textcomp Info: Setting lmss sub-encoding to TS1/0 on input line 381.
Package textcomp Info: Setting lmssq sub-encoding to TS1/0 on input line 382.
Package textcomp Info: Setting lmvtt sub-encoding to TS1/0 on input line 383.
Package textcomp Info: Setting lmtt sub-encoding to TS1/0 on input line 384.
Package textcomp Info: Setting qhv sub-encoding to TS1/0 on input line 385.
Package textcomp Info: Setting qag sub-encoding to TS1/0 on input line 386.
Package textcomp Info: Setting qbk sub-encoding to TS1/0 on input line 387.
Package textcomp Info: Setting qcr sub-encoding to TS1/0 on input line 388.
Package textcomp Info: Setting qcs sub-encoding to TS1/0 on input line 389.
Package textcomp Info: Setting qpl sub-encoding to TS1/0 on input line 390.
Package textcomp Info: Setting qtm sub-encoding to TS1/0 on input line 391.
Package textcomp Info: Setting qzc sub-encoding to TS1/0 on input line 392.
Package textcomp Info: Setting qhvc sub-encoding to TS1/0 on input line 393.
Package textcomp Info: Setting futs sub-encoding to TS1/4 on input line 394.
Package textcomp Info: Setting futx sub-encoding to TS1/4 on input line 395.
Package textcomp Info: Setting futj sub-encoding to TS1/4 on input line 396.
Package textcomp Info: Setting hlh sub-encoding to TS1/3 on input line 397.
Package textcomp Info: Setting hls sub-encoding to TS1/3 on input line 398.
Package textcomp Info: Setting hlst sub-encoding to TS1/3 on input line 399.
Package textcomp Info: Setting hlct sub-encoding to TS1/5 on input line 400.
Package textcomp Info: Setting hlx sub-encoding to TS1/5 on input line 401.
Package textcomp Info: Setting hlce sub-encoding to TS1/5 on input line 402.
Package textcomp Info: Setting hlcn sub-encoding to TS1/5 on input line 403.
Package textcomp Info: Setting hlcw sub-encoding to TS1/5 on input line 404.
Package textcomp Info: Setting hlcf sub-encoding to TS1/5 on input line 405.
Package textcomp Info: Setting pplx sub-encoding to TS1/3 on input line 406.
Package textcomp Info: Setting pplj sub-encoding to TS1/3 on input line 407.
Package textcomp Info: Setting ptmx sub-encoding to TS1/4 on input line 408.
Package textcomp Info: Setting ptmj sub-encoding to TS1/4 on input line 409.
)
\ldescriptionwidth=\skip47

("C:\Program Files\MiKTeX 2.9\tex\latex\base\fontenc.sty"
Package: fontenc 2017/02/22 v2.0g Standard LaTeX package

("C:\Program Files\MiKTeX 2.9\tex\latex\base\t1enc.def"
File: t1enc.def 2017/02/22 v2.0g Standard LaTeX file
LaTeX Font Info:    Redeclaring font encoding T1 on input line 48.
))
("C:\Program Files\MiKTeX 2.9\tex\latex\psnfss\times.sty"
Package: times 2005/04/12 PSNFSS-v9.2a (SPQR) 
)
("C:\Program Files\MiKTeX 2.9\tex\latex\inconsolata\zi4.sty"
Package: zi4 2017/01/04 v1.112

`inconsolata-zi4' v1.112, 2017/01/04 Text macros for Inconsolata (msharpe)
("C:\Program Files\MiKTeX 2.9\tex\latex\xkeyval\xkeyval.sty"
Package: xkeyval 2014/12/03 v2.7a package option processing (HA)

("C:\Program Files\MiKTeX 2.9\tex\generic\xkeyval\xkeyval.tex"
("C:\Program Files\MiKTeX 2.9\tex\generic\xkeyval\xkvutils.tex"
\XKV@toks=\toks17
\XKV@tempa@toks=\toks18

("C:\Program Files\MiKTeX 2.9\tex\generic\xkeyval\keyval.tex"))
\XKV@depth=\count93
File: xkeyval.tex 2014/12/03 v2.7a key=value parser (HA)
))
\zifour@ocount=\count94
)
("C:\Program Files\MiKTeX 2.9\tex\latex\graphics\color.sty"
Package: color 2016/07/10 v1.1e Standard LaTeX Color (DPC)

("C:\Program Files\MiKTeX 2.9\tex\latex\graphics-cfg\color.cfg"
File: color.cfg 2016/01/02 v1.6 sample color configuration
)
Package color Info: Driver file: pdftex.def on input line 147.

("C:\Program Files\MiKTeX 2.9\tex\latex\graphics-def\pdftex.def"
File: pdftex.def 2017/01/12 v0.06k Graphics/color for pdfTeX

("C:\Program Files\MiKTeX 2.9\tex\generic\oberdiek\infwarerr.sty"
Package: infwarerr 2016/05/16 v1.4 Providing info/warning/error messages (HO)
)
("C:\Program Files\MiKTeX 2.9\tex\generic\oberdiek\ltxcmds.sty"
Package: ltxcmds 2016/05/16 v1.23 LaTeX kernel commands for general use (HO)
)
\Gread@gobject=\count95
))
("C:\Program Files\MiKTeX 2.9\tex\latex\hyperref\hyperref.sty"
Package: hyperref 2017/03/14 v6.85a Hypertext links for LaTeX

("C:\Program Files\MiKTeX 2.9\tex\generic\oberdiek\hobsub-hyperref.sty"
Package: hobsub-hyperref 2016/05/16 v1.14 Bundle oberdiek, subset hyperref (HO)


("C:\Program Files\MiKTeX 2.9\tex\generic\oberdiek\hobsub-generic.sty"
Package: hobsub-generic 2016/05/16 v1.14 Bundle oberdiek, subset generic (HO)
Package: hobsub 2016/05/16 v1.14 Construct package bundles (HO)
Package hobsub Info: Skipping package `infwarerr' (already loaded).
Package hobsub Info: Skipping package `ltxcmds' (already loaded).
Package: ifluatex 2016/05/16 v1.4 Provides the ifluatex switch (HO)
Package ifluatex Info: LuaTeX not detected.
Package: ifvtex 2016/05/16 v1.6 Detect VTeX and its facilities (HO)
Package ifvtex Info: VTeX not detected.
Package: intcalc 2016/05/16 v1.2 Expandable calculations with integers (HO)
Package: ifpdf 2017/03/15 v3.2 Provides the ifpdf switch
Package: etexcmds 2016/05/16 v1.6 Avoid name clashes with e-TeX commands (HO)
Package etexcmds Info: Could not find \expanded.
(etexcmds)             That can mean that you are not using pdfTeX 1.50 or
(etexcmds)             that some package has redefined \expanded.
(etexcmds)             In the latter case, load this package earlier.
Package: kvsetkeys 2016/05/16 v1.17 Key value parser (HO)
Package: kvdefinekeys 2016/05/16 v1.4 Define keys (HO)
Package: pdftexcmds 2017/03/19 v0.25 Utility functions of pdfTeX for LuaTeX (HO
)
Package pdftexcmds Info: LuaTeX not detected.
Package pdftexcmds Info: \pdf@primitive is available.
Package pdftexcmds Info: \pdf@ifprimitive is available.
Package pdftexcmds Info: \pdfdraftmode found.
Package: pdfescape 2016/05/16 v1.14 Implements pdfTeX's escape features (HO)
Package: bigintcalc 2016/05/16 v1.4 Expandable calculations on big integers (HO
)
Package: bitset 2016/05/16 v1.2 Handle bit-vector datatype (HO)
Package: uniquecounter 2016/05/16 v1.3 Provide unlimited unique counter (HO)
)
Package hobsub Info: Skipping package `hobsub' (already loaded).
Package: letltxmacro 2016/05/16 v1.5 Let assignment for LaTeX macros (HO)
Package: hopatch 2016/05/16 v1.3 Wrapper for package hooks (HO)
Package: xcolor-patch 2016/05/16 xcolor patch
Package: atveryend 2016/05/16 v1.9 Hooks at the very end of document (HO)
Package atveryend Info: \enddocument detected (standard20110627).
Package: atbegshi 2016/06/09 v1.18 At begin shipout hook (HO)
Package: refcount 2016/05/16 v3.5 Data extraction from label references (HO)
Package: hycolor 2016/05/16 v1.8 Color options for hyperref/bookmark (HO)
)
("C:\Program Files\MiKTeX 2.9\tex\generic\ifxetex\ifxetex.sty"
Package: ifxetex 2010/09/12 v0.6 Provides ifxetex conditional
)
("C:\Program Files\MiKTeX 2.9\tex\latex\oberdiek\auxhook.sty"
Package: auxhook 2016/05/16 v1.4 Hooks for auxiliary files (HO)
)
("C:\Program Files\MiKTeX 2.9\tex\latex\oberdiek\kvoptions.sty"
Package: kvoptions 2016/05/16 v3.12 Key value format for package options (HO)
)
\@linkdim=\dimen104
\Hy@linkcounter=\count96
\Hy@pagecounter=\count97

("C:\Program Files\MiKTeX 2.9\tex\latex\hyperref\pd1enc.def"
File: pd1enc.def 2017/03/14 v6.85a Hyperref: PDFDocEncoding definition (HO)
)
\Hy@SavedSpaceFactor=\count98

("C:\Program Files\MiKTeX 2.9\tex\latex\00miktex\hyperref.cfg"
File: hyperref.cfg 2002/06/06 v1.2 hyperref configuration of TeXLive
)
Package hyperref Info: Hyper figures OFF on input line 4498.
Package hyperref Info: Link nesting OFF on input line 4503.
Package hyperref Info: Hyper index ON on input line 4506.
Package hyperref Info: Plain pages OFF on input line 4513.
Package hyperref Info: Backreferencing OFF on input line 4518.
Package hyperref Info: Implicit mode ON; LaTeX internals redefined.
Package hyperref Info: Bookmarks ON on input line 4751.
\c@Hy@tempcnt=\count99
LaTeX Info: Redefining \url on input line 5104.
\XeTeXLinkMargin=\dimen105
\Fld@menulength=\count100
\Field@Width=\dimen106
\Fld@charsize=\dimen107
Package hyperref Info: Hyper figures OFF on input line 6358.
Package hyperref Info: Link nesting OFF on input line 6363.
Package hyperref Info: Hyper index ON on input line 6366.
Package hyperref Info: backreferencing OFF on input line 6373.
Package hyperref Info: Link coloring OFF on input line 6378.
Package hyperref Info: Link coloring with OCG OFF on input line 6383.
Package hyperref Info: PDF/A mode OFF on input line 6388.
LaTeX Info: Redefining \ref on input line 6428.
LaTeX Info: Redefining \pageref on input line 6432.
\Hy@abspage=\count101
\c@Item=\count102
\c@Hfootnote=\count103
)

Package hyperref Message: Driver (autodetected): hpdftex.

("C:\Program Files\MiKTeX 2.9\tex\latex\hyperref\hpdftex.def"
File: hpdftex.def 2017/03/14 v6.85a Hyperref driver for pdfTeX
\Fld@listcount=\count104
\c@bookmark@seq@number=\count105

("C:\Program Files\MiKTeX 2.9\tex\latex\oberdiek\rerunfilecheck.sty"
Package: rerunfilecheck 2016/05/16 v1.8 Rerun checks for auxiliary files (HO)
Package uniquecounter Info: New unique counter `rerunfilecheck' on input line 2
82.
)
\Hy@SectionHShift=\skip48
)

Package hyperref Warning: Option `hyperindex' has already been used,
(hyperref)                setting the option has no effect on input line 377.

Package hyperref Info: Option `colorlinks' set `true' on input line 377.

Package hyperref Warning: Option `pagebackref' has already been used,
(hyperref)                setting the option has no effect on input line 377.

Package hyperref Info: Option `linktocpage' set `true' on input line 377.
Package hyperref Info: Option `plainpages' set `false' on input line 377.
) ("C:\Program Files\MiKTeX 2.9\tex\latex\base\makeidx.sty"
Package: makeidx 2014/09/29 v1.0m Standard LaTeX package
)
("C:\Program Files\MiKTeX 2.9\tex\latex\base\inputenc.sty"
Package: inputenc 2015/03/17 v1.2c Input encoding file
\inpenc@prehook=\toks19
\inpenc@posthook=\toks20

("C:\Program Files\MiKTeX 2.9\tex\latex\base\utf8.def"
File: utf8.def 2017/01/28 v1.1t UTF-8 support for inputenc
Now handling font encoding OML ...
... no UTF-8 mapping file for font encoding OML
Now handling font encoding T1 ...
... processing UTF-8 mapping file for font encoding T1

("C:\Program Files\MiKTeX 2.9\tex\latex\base\t1enc.dfu"
File: t1enc.dfu 2017/01/28 v1.1t UTF-8 support for inputenc
   defining Unicode char U+00A0 (decimal 160)
   defining Unicode char U+00A1 (decimal 161)
   defining Unicode char U+00A3 (decimal 163)
   defining Unicode char U+00AB (decimal 171)
   defining Unicode char U+00AD (decimal 173)
   defining Unicode char U+00BB (decimal 187)
   defining Unicode char U+00BF (decimal 191)
   defining Unicode char U+00C0 (decimal 192)
   defining Unicode char U+00C1 (decimal 193)
   defining Unicode char U+00C2 (decimal 194)
   defining Unicode char U+00C3 (decimal 195)
   defining Unicode char U+00C4 (decimal 196)
   defining Unicode char U+00C5 (decimal 197)
   defining Unicode char U+00C6 (decimal 198)
   defining Unicode char U+00C7 (decimal 199)
   defining Unicode char U+00C8 (decimal 200)
   defining Unicode char U+00C9 (decimal 201)
   defining Unicode char U+00CA (decimal 202)
   defining Unicode char U+00CB (decimal 203)
   defining Unicode char U+00CC (decimal 204)
   defining Unicode char U+00CD (decimal 205)
   defining Unicode char U+00CE (decimal 206)
   defining Unicode char U+00CF (decimal 207)
   defining Unicode char U+00D0 (decimal 208)
   defining Unicode char U+00D1 (decimal 209)
   defining Unicode char U+00D2 (decimal 210)
   defining Unicode char U+00D3 (decimal 211)
   defining Unicode char U+00D4 (decimal 212)
   defining Unicode char U+00D5 (decimal 213)
   defining Unicode char U+00D6 (decimal 214)
   defining Unicode char U+00D8 (decimal 216)
   defining Unicode char U+00D9 (decimal 217)
   defining Unicode char U+00DA (decimal 218)
   defining Unicode char U+00DB (decimal 219)
   defining Unicode char U+00DC (decimal 220)
   defining Unicode char U+00DD (decimal 221)
   defining Unicode char U+00DE (decimal 222)
   defining Unicode char U+00DF (decimal 223)
   defining Unicode char U+00E0 (decimal 224)
   defining Unicode char U+00E1 (decimal 225)
   defining Unicode char U+00E2 (decimal 226)
   defining Unicode char U+00E3 (decimal 227)
   defining Unicode char U+00E4 (decimal 228)
   defining Unicode char U+00E5 (decimal 229)
   defining Unicode char U+00E6 (decimal 230)
   defining Unicode char U+00E7 (decimal 231)
   defining Unicode char U+00E8 (decimal 232)
   defining Unicode char U+00E9 (decimal 233)
   defining Unicode char U+00EA (decimal 234)
   defining Unicode char U+00EB (decimal 235)
   defining Unicode char U+00EC (decimal 236)
   defining Unicode char U+00ED (decimal 237)
   defining Unicode char U+00EE (decimal 238)
   defining Unicode char U+00EF (decimal 239)
   defining Unicode char U+00F0 (decimal 240)
   defining Unicode char U+00F1 (decimal 241)
   defining Unicode char U+00F2 (decimal 242)
   defining Unicode char U+00F3 (decimal 243)
   defining Unicode char U+00F4 (decimal 244)
   defining Unicode char U+00F5 (decimal 245)
   defining Unicode char U+00F6 (decimal 246)
   defining Unicode char U+00F8 (decimal 248)
   defining Unicode char U+00F9 (decimal 249)
   defining Unicode char U+00FA (decimal 250)
   defining Unicode char U+00FB (decimal 251)
   defining Unicode char U+00FC (decimal 252)
   defining Unicode char U+00FD (decimal 253)
   defining Unicode char U+00FE (decimal 254)
   defining Unicode char U+00FF (decimal 255)
   defining Unicode char U+0100 (decimal 256)
   defining Unicode char U+0101 (decimal 257)
   defining Unicode char U+0102 (decimal 258)
   defining Unicode char U+0103 (decimal 259)
   defining Unicode char U+0104 (decimal 260)
   defining Unicode char U+0105 (decimal 261)
   defining Unicode char U+0106 (decimal 262)
   defining Unicode char U+0107 (decimal 263)
   defining Unicode char U+0108 (decimal 264)
   defining Unicode char U+0109 (decimal 265)
   defining Unicode char U+010A (decimal 266)
   defining Unicode char U+010B (decimal 267)
   defining Unicode char U+010C (decimal 268)
   defining Unicode char U+010D (decimal 269)
   defining Unicode char U+010E (decimal 270)
   defining Unicode char U+010F (decimal 271)
   defining Unicode char U+0110 (decimal 272)
   defining Unicode char U+0111 (decimal 273)
   defining Unicode char U+0112 (decimal 274)
   defining Unicode char U+0113 (decimal 275)
   defining Unicode char U+0114 (decimal 276)
   defining Unicode char U+0115 (decimal 277)
   defining Unicode char U+0116 (decimal 278)
   defining Unicode char U+0117 (decimal 279)
   defining Unicode char U+0118 (decimal 280)
   defining Unicode char U+0119 (decimal 281)
   defining Unicode char U+011A (decimal 282)
   defining Unicode char U+011B (decimal 283)
   defining Unicode char U+011C (decimal 284)
   defining Unicode char U+011D (decimal 285)
   defining Unicode char U+011E (decimal 286)
   defining Unicode char U+011F (decimal 287)
   defining Unicode char U+0120 (decimal 288)
   defining Unicode char U+0121 (decimal 289)
   defining Unicode char U+0122 (decimal 290)
   defining Unicode char U+0123 (decimal 291)
   defining Unicode char U+0124 (decimal 292)
   defining Unicode char U+0125 (decimal 293)
   defining Unicode char U+0128 (decimal 296)
   defining Unicode char U+0129 (decimal 297)
   defining Unicode char U+012A (decimal 298)
   defining Unicode char U+012B (decimal 299)
   defining Unicode char U+012C (decimal 300)
   defining Unicode char U+012D (decimal 301)
   defining Unicode char U+012E (decimal 302)
   defining Unicode char U+012F (decimal 303)
   defining Unicode char U+0130 (decimal 304)
   defining Unicode char U+0131 (decimal 305)
   defining Unicode char U+0132 (decimal 306)
   defining Unicode char U+0133 (decimal 307)
   defining Unicode char U+0134 (decimal 308)
   defining Unicode char U+0135 (decimal 309)
   defining Unicode char U+0136 (decimal 310)
   defining Unicode char U+0137 (decimal 311)
   defining Unicode char U+0139 (decimal 313)
   defining Unicode char U+013A (decimal 314)
   defining Unicode char U+013B (decimal 315)
   defining Unicode char U+013C (decimal 316)
   defining Unicode char U+013D (decimal 317)
   defining Unicode char U+013E (decimal 318)
   defining Unicode char U+0141 (decimal 321)
   defining Unicode char U+0142 (decimal 322)
   defining Unicode char U+0143 (decimal 323)
   defining Unicode char U+0144 (decimal 324)
   defining Unicode char U+0145 (decimal 325)
   defining Unicode char U+0146 (decimal 326)
   defining Unicode char U+0147 (decimal 327)
   defining Unicode char U+0148 (decimal 328)
   defining Unicode char U+014A (decimal 330)
   defining Unicode char U+014B (decimal 331)
   defining Unicode char U+014C (decimal 332)
   defining Unicode char U+014D (decimal 333)
   defining Unicode char U+014E (decimal 334)
   defining Unicode char U+014F (decimal 335)
   defining Unicode char U+0150 (decimal 336)
   defining Unicode char U+0151 (decimal 337)
   defining Unicode char U+0152 (decimal 338)
   defining Unicode char U+0153 (decimal 339)
   defining Unicode char U+0154 (decimal 340)
   defining Unicode char U+0155 (decimal 341)
   defining Unicode char U+0156 (decimal 342)
   defining Unicode char U+0157 (decimal 343)
   defining Unicode char U+0158 (decimal 344)
   defining Unicode char U+0159 (decimal 345)
   defining Unicode char U+015A (decimal 346)
   defining Unicode char U+015B (decimal 347)
   defining Unicode char U+015C (decimal 348)
   defining Unicode char U+015D (decimal 349)
   defining Unicode char U+015E (decimal 350)
   defining Unicode char U+015F (decimal 351)
   defining Unicode char U+0160 (decimal 352)
   defining Unicode char U+0161 (decimal 353)
   defining Unicode char U+0162 (decimal 354)
   defining Unicode char U+0163 (decimal 355)
   defining Unicode char U+0164 (decimal 356)
   defining Unicode char U+0165 (decimal 357)
   defining Unicode char U+0168 (decimal 360)
   defining Unicode char U+0169 (decimal 361)
   defining Unicode char U+016A (decimal 362)
   defining Unicode char U+016B (decimal 363)
   defining Unicode char U+016C (decimal 364)
   defining Unicode char U+016D (decimal 365)
   defining Unicode char U+016E (decimal 366)
   defining Unicode char U+016F (decimal 367)
   defining Unicode char U+0170 (decimal 368)
   defining Unicode char U+0171 (decimal 369)
   defining Unicode char U+0172 (decimal 370)
   defining Unicode char U+0173 (decimal 371)
   defining Unicode char U+0174 (decimal 372)
   defining Unicode char U+0175 (decimal 373)
   defining Unicode char U+0176 (decimal 374)
   defining Unicode char U+0177 (decimal 375)
   defining Unicode char U+0178 (decimal 376)
   defining Unicode char U+0179 (decimal 377)
   defining Unicode char U+017A (decimal 378)
   defining Unicode char U+017B (decimal 379)
   defining Unicode char U+017C (decimal 380)
   defining Unicode char U+017D (decimal 381)
   defining Unicode char U+017E (decimal 382)
   defining Unicode char U+01CD (decimal 461)
   defining Unicode char U+01CE (decimal 462)
   defining Unicode char U+01CF (decimal 463)
   defining Unicode char U+01D0 (decimal 464)
   defining Unicode char U+01D1 (decimal 465)
   defining Unicode char U+01D2 (decimal 466)
   defining Unicode char U+01D3 (decimal 467)
   defining Unicode char U+01D4 (decimal 468)
   defining Unicode char U+01E2 (decimal 482)
   defining Unicode char U+01E3 (decimal 483)
   defining Unicode char U+01E6 (decimal 486)
   defining Unicode char U+01E7 (decimal 487)
   defining Unicode char U+01E8 (decimal 488)
   defining Unicode char U+01E9 (decimal 489)
   defining Unicode char U+01EA (decimal 490)
   defining Unicode char U+01EB (decimal 491)
   defining Unicode char U+01F0 (decimal 496)
   defining Unicode char U+01F4 (decimal 500)
   defining Unicode char U+01F5 (decimal 501)
   defining Unicode char U+0218 (decimal 536)
   defining Unicode char U+0219 (decimal 537)
   defining Unicode char U+021A (decimal 538)
   defining Unicode char U+021B (decimal 539)
   defining Unicode char U+0232 (decimal 562)
   defining Unicode char U+0233 (decimal 563)
   defining Unicode char U+1E02 (decimal 7682)
   defining Unicode char U+1E03 (decimal 7683)
   defining Unicode char U+200C (decimal 8204)
   defining Unicode char U+2010 (decimal 8208)
   defining Unicode char U+2011 (decimal 8209)
   defining Unicode char U+2012 (decimal 8210)
   defining Unicode char U+2013 (decimal 8211)
   defining Unicode char U+2014 (decimal 8212)
   defining Unicode char U+2015 (decimal 8213)
   defining Unicode char U+2018 (decimal 8216)
   defining Unicode char U+2019 (decimal 8217)
   defining Unicode char U+201A (decimal 8218)
   defining Unicode char U+201C (decimal 8220)
   defining Unicode char U+201D (decimal 8221)
   defining Unicode char U+201E (decimal 8222)
   defining Unicode char U+2030 (decimal 8240)
   defining Unicode char U+2031 (decimal 8241)
   defining Unicode char U+2039 (decimal 8249)
   defining Unicode char U+203A (decimal 8250)
   defining Unicode char U+2423 (decimal 9251)
   defining Unicode char U+1E20 (decimal 7712)
   defining Unicode char U+1E21 (decimal 7713)
)
Now handling font encoding OT1 ...
... processing UTF-8 mapping file for font encoding OT1

("C:\Program Files\MiKTeX 2.9\tex\latex\base\ot1enc.dfu"
File: ot1enc.dfu 2017/01/28 v1.1t UTF-8 support for inputenc
   defining Unicode char U+00A0 (decimal 160)
   defining Unicode char U+00A1 (decimal 161)
   defining Unicode char U+00A3 (decimal 163)
   defining Unicode char U+00AD (decimal 173)
   defining Unicode char U+00B8 (decimal 184)
   defining Unicode char U+00BF (decimal 191)
   defining Unicode char U+00C5 (decimal 197)
   defining Unicode char U+00C6 (decimal 198)
   defining Unicode char U+00D8 (decimal 216)
   defining Unicode char U+00DF (decimal 223)
   defining Unicode char U+00E6 (decimal 230)
   defining Unicode char U+00EC (decimal 236)
   defining Unicode char U+00ED (decimal 237)
   defining Unicode char U+00EE (decimal 238)
   defining Unicode char U+00EF (decimal 239)
   defining Unicode char U+00F8 (decimal 248)
   defining Unicode char U+0131 (decimal 305)
   defining Unicode char U+0141 (decimal 321)
   defining Unicode char U+0142 (decimal 322)
   defining Unicode char U+0152 (decimal 338)
   defining Unicode char U+0153 (decimal 339)
   defining Unicode char U+0174 (decimal 372)
   defining Unicode char U+0175 (decimal 373)
   defining Unicode char U+0176 (decimal 374)
   defining Unicode char U+0177 (decimal 375)
   defining Unicode char U+0218 (decimal 536)
   defining Unicode char U+0219 (decimal 537)
   defining Unicode char U+021A (decimal 538)
   defining Unicode char U+021B (decimal 539)
   defining Unicode char U+2013 (decimal 8211)
   defining Unicode char U+2014 (decimal 8212)
   defining Unicode char U+2018 (decimal 8216)
   defining Unicode char U+2019 (decimal 8217)
   defining Unicode char U+201C (decimal 8220)
   defining Unicode char U+201D (decimal 8221)
)
Now handling font encoding OMS ...
... processing UTF-8 mapping file for font encoding OMS

("C:\Program Files\MiKTeX 2.9\tex\latex\base\omsenc.dfu"
File: omsenc.dfu 2017/01/28 v1.1t UTF-8 support for inputenc
   defining Unicode char U+00A7 (decimal 167)
   defining Unicode char U+00B6 (decimal 182)
   defining Unicode char U+00B7 (decimal 183)
   defining Unicode char U+2020 (decimal 8224)
   defining Unicode char U+2021 (decimal 8225)
   defining Unicode char U+2022 (decimal 8226)
)
Now handling font encoding OMX ...
... no UTF-8 mapping file for font encoding OMX
Now handling font encoding U ...
... no UTF-8 mapping file for font encoding U
Now handling font encoding TS1 ...
... processing UTF-8 mapping file for font encoding TS1

("C:\Program Files\MiKTeX 2.9\tex\latex\base\ts1enc.dfu"
File: ts1enc.dfu 2017/01/28 v1.1t UTF-8 support for inputenc
   defining Unicode char U+00A2 (decimal 162)
   defining Unicode char U+00A3 (decimal 163)
   defining Unicode char U+00A4 (decimal 164)
   defining Unicode char U+00A5 (decimal 165)
   defining Unicode char U+00A6 (decimal 166)
   defining Unicode char U+00A7 (decimal 167)
   defining Unicode char U+00A8 (decimal 168)
   defining Unicode char U+00A9 (decimal 169)
   defining Unicode char U+00AA (decimal 170)
   defining Unicode char U+00AC (decimal 172)
   defining Unicode char U+00AE (decimal 174)
   defining Unicode char U+00AF (decimal 175)
   defining Unicode char U+00B0 (decimal 176)
   defining Unicode char U+00B1 (decimal 177)
   defining Unicode char U+00B2 (decimal 178)
   defining Unicode char U+00B3 (decimal 179)
   defining Unicode char U+00B4 (decimal 180)
   defining Unicode char U+00B5 (decimal 181)
   defining Unicode char U+00B6 (decimal 182)
   defining Unicode char U+00B7 (decimal 183)
   defining Unicode char U+00B9 (decimal 185)
   defining Unicode char U+00BA (decimal 186)
   defining Unicode char U+00BC (decimal 188)
   defining Unicode char U+00BD (decimal 189)
   defining Unicode char U+00BE (decimal 190)
   defining Unicode char U+00D7 (decimal 215)
   defining Unicode char U+00F7 (decimal 247)
   defining Unicode char U+0192 (decimal 402)
   defining Unicode char U+02C7 (decimal 711)
   defining Unicode char U+02D8 (decimal 728)
   defining Unicode char U+02DD (decimal 733)
   defining Unicode char U+0E3F (decimal 3647)
   defining Unicode char U+2016 (decimal 8214)
   defining Unicode char U+2020 (decimal 8224)
   defining Unicode char U+2021 (decimal 8225)
   defining Unicode char U+2022 (decimal 8226)
   defining Unicode char U+2030 (decimal 8240)
   defining Unicode char U+2031 (decimal 8241)
   defining Unicode char U+203B (decimal 8251)
   defining Unicode char U+203D (decimal 8253)
   defining Unicode char U+2044 (decimal 8260)
   defining Unicode char U+204E (decimal 8270)
   defining Unicode char U+2052 (decimal 8274)
   defining Unicode char U+20A1 (decimal 8353)
   defining Unicode char U+20A4 (decimal 8356)
   defining Unicode char U+20A6 (decimal 8358)
   defining Unicode char U+20A9 (decimal 8361)
   defining Unicode char U+20AB (decimal 8363)
   defining Unicode char U+20AC (decimal 8364)
   defining Unicode char U+20B1 (decimal 8369)
   defining Unicode char U+2103 (decimal 8451)
   defining Unicode char U+2116 (decimal 8470)
   defining Unicode char U+2117 (decimal 8471)
   defining Unicode char U+211E (decimal 8478)
   defining Unicode char U+2120 (decimal 8480)
   defining Unicode char U+2122 (decimal 8482)
   defining Unicode char U+2126 (decimal 8486)
   defining Unicode char U+2127 (decimal 8487)
   defining Unicode char U+212E (decimal 8494)
   defining Unicode char U+2190 (decimal 8592)
   defining Unicode char U+2191 (decimal 8593)
   defining Unicode char U+2192 (decimal 8594)
   defining Unicode char U+2193 (decimal 8595)
   defining Unicode char U+2329 (decimal 9001)
   defining Unicode char U+232A (decimal 9002)
   defining Unicode char U+2422 (decimal 9250)
   defining Unicode char U+25E6 (decimal 9702)
   defining Unicode char U+25EF (decimal 9711)
   defining Unicode char U+266A (decimal 9834)
)
Now handling font encoding PD1 ...
... no UTF-8 mapping file for font encoding PD1
   defining Unicode char U+00A9 (decimal 169)
   defining Unicode char U+00AA (decimal 170)
   defining Unicode char U+00AE (decimal 174)
   defining Unicode char U+00BA (decimal 186)
   defining Unicode char U+02C6 (decimal 710)
   defining Unicode char U+02DC (decimal 732)
   defining Unicode char U+200C (decimal 8204)
   defining Unicode char U+2026 (decimal 8230)
   defining Unicode char U+2122 (decimal 8482)
   defining Unicode char U+2423 (decimal 9251)
)
("C:\Program Files\MiKTeX 2.9\tex\latex\base\latin1.def"
File: latin1.def 2015/03/17 v1.2c Input encoding file
))
\@indexfile=\write3
\openout3 = `Rd2.idx'.


Writing index file Rd2.idx
(Rd2.aux)
\openout1 = `Rd2.aux'.

LaTeX Font Info:    Checking defaults for OML/cmm/m/it on input line 8.
LaTeX Font Info:    ... okay on input line 8.
LaTeX Font Info:    Checking defaults for T1/cmr/m/n on input line 8.
LaTeX Font Info:    ... okay on input line 8.
LaTeX Font Info:    Checking defaults for OT1/cmr/m/n on input line 8.
LaTeX Font Info:    ... okay on input line 8.
LaTeX Font Info:    Checking defaults for OMS/cmsy/m/n on input line 8.
LaTeX Font Info:    ... okay on input line 8.
LaTeX Font Info:    Checking defaults for OMX/cmex/m/n on input line 8.
LaTeX Font Info:    ... okay on input line 8.
LaTeX Font Info:    Checking defaults for U/cmr/m/n on input line 8.
LaTeX Font Info:    ... okay on input line 8.
LaTeX Font Info:    Checking defaults for TS1/cmr/m/n on input line 8.
LaTeX Font Info:    Try loading font information for TS1+cmr on input line 8.
 ("C:\Program Files\MiKTeX 2.9\tex\latex\base\ts1cmr.fd"
File: ts1cmr.fd 2014/09/29 v2.5h Standard LaTeX font definitions
)
LaTeX Font Info:    ... okay on input line 8.
LaTeX Font Info:    Checking defaults for PD1/pdf/m/n on input line 8.
LaTeX Font Info:    ... okay on input line 8.
LaTeX Font Info:    Try loading font information for T1+ptm on input line 8.

("C:\Program Files\MiKTeX 2.9\tex\latex\psnfss\t1ptm.fd"
File: t1ptm.fd 2001/06/04 font definitions for T1/ptm.
)
("C:\Program Files\MiKTeX 2.9\tex\context\base\supp-pdf.mkii"
[Loading MPS to PDF converter (version 2006.09.02).]
\scratchcounter=\count106
\scratchdimen=\dimen108
\scratchbox=\box30
\nofMPsegments=\count107
\nofMParguments=\count108
\everyMPshowfont=\toks21
\MPscratchCnt=\count109
\MPscratchDim=\dimen109
\MPnumerator=\count110
\makeMPintoPDFobject=\count111
\everyMPtoPDFconversion=\toks22
)
\AtBeginShipoutBox=\box31
Package hyperref Info: Link coloring ON on input line 8.
 ("C:\Program Files\MiKTeX 2.9\tex\latex\hyperref\nameref.sty"
Package: nameref 2016/05/21 v2.44 Cross-referencing by name of section

("C:\Program Files\MiKTeX 2.9\tex\generic\oberdiek\gettitlestring.sty"
Package: gettitlestring 2016/05/16 v1.5 Cleanup title references (HO)
)
\c@section@level=\count112
)
LaTeX Info: Redefining \ref on input line 8.
LaTeX Info: Redefining \pageref on input line 8.
LaTeX Info: Redefining \nameref on input line 8.

(Rd2.out) (Rd2.out)
\@outlinefile=\write4
\openout4 = `Rd2.out'.

LaTeX Font Info:    Font shape `T1/ptm/bx/n' in size <24.88> not available
(Font)              Font shape `T1/ptm/b/n' tried instead on input line 9.
LaTeX Font Info:    Font shape `T1/ptm/bx/n' in size <10> not available
(Font)              Font shape `T1/ptm/b/n' tried instead on input line 11.
LaTeX Font Info:    Font shape `T1/ptm/bx/n' in size <20.74> not available
(Font)              Font shape `T1/ptm/b/n' tried instead on input line 11.
LaTeX Font Info:    Try loading font information for TS1+ptm on input line 31.
 ("C:\Program Files\MiKTeX 2.9\tex\latex\psnfss\ts1ptm.fd"
File: ts1ptm.fd 2001/06/04 font definitions for TS1/ptm.
)
LaTeX Font Info:    Try loading font information for T1+zi4 on input line 33.

("C:\Program Files\MiKTeX 2.9\tex\latex\inconsolata\t1zi4.fd"
File: t1zi4.fd 2016/12/29 T1/zi4 (Inconsolata)
)
LaTeX Font Info:    Font shape `T1/zi4/m/n' will be
(Font)              scaled to size 10.0pt on input line 33.
LaTeX Font Info:    External font `cmex10' loaded for size
(Font)              <7> on input line 33.
LaTeX Font Info:    External font `cmex10' loaded for size
(Font)              <5> on input line 33.
LaTeX Font Info:    Font shape `T1/ptm/bx/n' in size <14.4> not available
(Font)              Font shape `T1/ptm/b/n' tried instead on input line 39.
LaTeX Font Info:    Try loading font information for T1+phv on input line 39.

("C:\Program Files\MiKTeX 2.9\tex\latex\psnfss\t1phv.fd"
File: t1phv.fd 2001/06/04 scalable font definitions for T1/phv.
) (Rd2.toc [1


{C:/ProgramData/MiKTeX/2.9/pdftex/config/pdftex.map}] [2])
\tf@toc=\write5
\openout5 = `Rd2.toc'.


("C:\Program Files\MiKTeX 2.9\tex\latex\base\utf8.def"
File: utf8.def 2017/01/28 v1.1t UTF-8 support for inputenc
) [3]
Overfull \hbox (60.3192pt too wide) in alignment at lines 361--361
 [] [] 
 []

[4] [5] [6] [7] ("C:\Program Files\MiKTeX 2.9\tex\latex\base\utf8.def"
File: utf8.def 2017/01/28 v1.1t UTF-8 support for inputenc
)
("C:\Program Files\MiKTeX 2.9\tex\latex\base\utf8.def"
File: utf8.def 2017/01/28 v1.1t UTF-8 support for inputenc
)
LaTeX Font Info:    Try loading font information for TS1+zi4 on input line 404.


("C:\Program Files\MiKTeX 2.9\tex\latex\inconsolata\ts1zi4.fd"
File: ts1zi4.fd 2016/12/29 TS1/zi4 (Inconsolata)
)
LaTeX Font Info:    Font shape `TS1/zi4/m/n' will be
(Font)              scaled to size 10.0pt on input line 404.
 [8]
LaTeX Font Info:    Font shape `T1/zi4/m/n' will be
(Font)              scaled to size 9.0pt on input line 446.

("C:\Program Files\MiKTeX 2.9\tex\latex\base\utf8.def"
File: utf8.def 2017/01/28 v1.1t UTF-8 support for inputenc
) [9]
("C:\Program Files\MiKTeX 2.9\tex\latex\base\utf8.def"
File: utf8.def 2017/01/28 v1.1t UTF-8 support for inputenc
) [10]
("C:\Program Files\MiKTeX 2.9\tex\latex\base\utf8.def"
File: utf8.def 2017/01/28 v1.1t UTF-8 support for inputenc
)
Underfull \hbox (badness 2293) in paragraph at lines 530--530
[]\T1/ptm/m/it/10 This func-tion plots a block bound-ary on a plot pro-duced by

 []

[11]
Overfull \hbox (2.25635pt too wide) in paragraph at lines 618--618
 []    \T1/zi4/m/n/9 blockboundaryPlot(blockdefinition = cbind(10,16), blocklin
ewidth=3, blockcolour="blue",[] 
 []

("C:\Program Files\MiKTeX 2.9\tex\latex\base\utf8.def"
File: utf8.def 2017/01/28 v1.1t UTF-8 support for inputenc
) [12]
("C:\Program Files\MiKTeX 2.9\tex\latex\base\utf8.def"
File: utf8.def 2017/01/28 v1.1t UTF-8 support for inputenc
)
("C:\Program Files\MiKTeX 2.9\tex\latex\base\utf8.def"
File: utf8.def 2017/01/28 v1.1t UTF-8 support for inputenc
)
Overfull \hbox (22.77687pt too wide) in paragraph at lines 690--694
\T1/ptm/m/n/10 eigen-value is re-garded as zero if it is less than \T1/zi4/m/n/
10 daeTolerance\T1/ptm/m/n/10 , which is ini-tially set to.Machine$double.eps
 []

[13] ("C:\Program Files\MiKTeX 2.9\tex\latex\base\utf8.def"
File: utf8.def 2017/01/28 v1.1t UTF-8 support for inputenc
) [14]
("C:\Program Files\MiKTeX 2.9\tex\latex\base\utf8.def"
File: utf8.def 2017/01/28 v1.1t UTF-8 support for inputenc
)
("C:\Program Files\MiKTeX 2.9\tex\latex\base\utf8.def"
File: utf8.def 2017/01/28 v1.1t UTF-8 support for inputenc
)
Overfull \hbox (10.77722pt too wide) in paragraph at lines 796--800
\T1/ptm/m/n/10 uct sums of eigen-vec-tors from the two de-com-po-si-tions. It i
s most use-ful when the calls to [][]\T1/zi4/m/n/10 proj2.eigen[][][]
 []

[15] ("C:\Program Files\MiKTeX 2.9\tex\latex\base\utf8.def"
File: utf8.def 2017/01/28 v1.1t UTF-8 support for inputenc
) [16]
("C:\Program Files\MiKTeX 2.9\tex\latex\base\utf8.def"
File: utf8.def 2017/01/28 v1.1t UTF-8 support for inputenc
) [17] [18]
Overfull \hbox (24.73795pt too wide) in paragraph at lines 1032--1032
 []\T1/zi4/m/n/9 ## Calculate the variance matrix of the predicted fixed Variet
y effects, elminating the grand mean[] 
 []

("C:\Program Files\MiKTeX 2.9\tex\latex\base\utf8.def"
File: utf8.def 2017/01/28 v1.1t UTF-8 support for inputenc
) [19] [20]
Overfull \hbox (39.7604pt too wide) in paragraph at lines 1148--1157
\T1/ptm/m/n/10 com-bi-na-tion of \T1/zi4/m/n/10 aefficiency\T1/ptm/m/n/10 , \T1
/zi4/m/n/10 mefficiency\T1/ptm/m/n/10 , \T1/zi4/m/n/10 sefficiency\T1/ptm/m/n/1
0 , \T1/zi4/m/n/10 eefficiency\T1/ptm/m/n/10 , \T1/zi4/m/n/10 xefficiency\T1/pt
m/m/n/10 ,
 []

[21] ("C:\Program Files\MiKTeX 2.9\tex\latex\base\utf8.def"
File: utf8.def 2017/01/28 v1.1t UTF-8 support for inputenc
) [22] [23] [24]
Overfull \hbox (8.25021pt too wide) in paragraph at lines 1389--1389
 []\T1/zi4/m/n/9 plt <- designBlocksGGPlot(plt, blockdefinition = cbind(8,14), 
origincolumn = 1, originrow= 1,[] 
 []

("C:\Program Files\MiKTeX 2.9\tex\latex\base\utf8.def"
File: utf8.def 2017/01/28 v1.1t UTF-8 support for inputenc
)
Overfull \hbox (1.19951pt too wide) in paragraph at lines 1426--1428
[]\T1/ptm/m/n/10 A [][]\T1/zi4/m/n/10 data.frame[][][] \T1/ptm/m/n/10 con-tain-
ing \T1/zi4/m/n/10 labels\T1/ptm/m/n/10 , \T1/zi4/m/n/10 column.factors\T1/ptm/
m/n/10 , \T1/zi4/m/n/10 row.factors \T1/ptm/m/n/10 and, if spec-
 []

[25] [26] ("C:\Program Files\MiKTeX 2.9\tex\latex\base\utf8.def"
File: utf8.def 2017/01/28 v1.1t UTF-8 support for inputenc
) [27]
("C:\Program Files\MiKTeX 2.9\tex\latex\base\utf8.def"
File: utf8.def 2017/01/28 v1.1t UTF-8 support for inputenc
) [28]
Overfull \hbox (6.20906pt too wide) in paragraph at lines 1635--1639
[]\T1/ptm/m/n/10 If \T1/zi4/m/n/10 altlabels \T1/ptm/m/n/10 is \T1/zi4/m/n/10 N
ULL\T1/ptm/m/n/10 , the la-bels spec-i-fied in \T1/zi4/m/n/10 labels \T1/ptm/m/
n/10 are plot-ted when \T1/zi4/m/n/10 plotlabels
 []

[29]
Overfull \hbox (12.86096pt too wide) in paragraph at lines 1715--1719
[][][]\T1/zi4/m/n/10 blockboundaryPlot[][][]\T1/ptm/m/n/10 , [][]\T1/zi4/m/n/10
 designPlotlabels[][][]\T1/ptm/m/n/10 , [][]\T1/zi4/m/n/10 designLatinSqrSys[][
][]\T1/ptm/m/n/10 , [][]\T1/zi4/m/n/10 designRandomize[][][]\T1/ptm/m/n/10 , []
[]\T1/zi4/m/n/10 designAnatomy[][][]
 []

[30] ("C:\Program Files\MiKTeX 2.9\tex\latex\base\utf8.def"
File: utf8.def 2017/01/28 v1.1t UTF-8 support for inputenc
)
Overfull \hbox (22.66934pt too wide) in paragraph at lines 1760--1762
[]\T1/ptm/m/n/10 A [][]\T1/zi4/m/n/10 data.frame[][][] \T1/ptm/m/n/10 con-tain-
ing \T1/zi4/m/n/10 labels\T1/ptm/m/n/10 , \T1/zi4/m/n/10 grid.x\T1/ptm/m/n/10 ,
 \T1/zi4/m/n/10 grid.y \T1/ptm/m/n/10 and, if spec-i-fied, \T1/zi4/m/n/10 colou
r.column\T1/ptm/m/n/10 . 
 []


Overfull \hbox (12.57777pt too wide) in paragraph at lines 1764--1766
[]\T1/ptm/m/n/10 A \T1/zi4/m/n/10 character \T1/ptm/m/n/10 giv-ing the name of 
the col-umn in \T1/zi4/m/n/10 data \T1/ptm/m/n/10 that spec-i-fies the x-coordi
nates
 []


Overfull \hbox (12.57777pt too wide) in paragraph at lines 1766--1768
[]\T1/ptm/m/n/10 A \T1/zi4/m/n/10 character \T1/ptm/m/n/10 giv-ing the name of 
the col-umn in \T1/zi4/m/n/10 data \T1/ptm/m/n/10 that spec-i-fies the y-coordi
nates
 []

[31] ("C:\Program Files\MiKTeX 2.9\tex\latex\base\utf8.def"
File: utf8.def 2017/01/28 v1.1t UTF-8 support for inputenc
) [32]
Overfull \hbox (5.88916pt too wide) in paragraph at lines 1881--1891
[]\T1/ptm/m/n/10 A [][]\T1/zi4/m/n/10 list[][][] \T1/ptm/m/n/10 of the \T1/zi4/
m/n/10 recipient [][]factor[][][]s \T1/ptm/m/n/10 that are nested in other [][]
\T1/zi4/m/n/10 factor[][][]s \T1/ptm/m/n/10 in \T1/zi4/m/n/10 recipient\T1/ptm/
m/n/10 .
 []


Overfull \hbox (4.96758pt too wide) in paragraph at lines 1907--1917
[]\T1/ptm/m/n/10 A sys-tem-atic de-sign is spec-i-fied by the match-ing of the 
sup-plied \T1/zi4/m/n/10 allocated \T1/ptm/m/n/10 and \T1/zi4/m/n/10 recipient 
[][]factor[][][]s\T1/ptm/m/n/10 .
 []

[33] [34] ("C:\Program Files\MiKTeX 2.9\tex\latex\base\utf8.def"
File: utf8.def 2017/01/28 v1.1t UTF-8 support for inputenc
) [35]
Overfull \hbox (39.7604pt too wide) in paragraph at lines 2097--2106
\T1/ptm/m/n/10 com-bi-na-tion of \T1/zi4/m/n/10 aefficiency\T1/ptm/m/n/10 , \T1
/zi4/m/n/10 mefficiency\T1/ptm/m/n/10 , \T1/zi4/m/n/10 sefficiency\T1/ptm/m/n/1
0 , \T1/zi4/m/n/10 eefficiency\T1/ptm/m/n/10 , \T1/zi4/m/n/10 xefficiency\T1/pt
m/m/n/10 ,
 []


Overfull \hbox (30.2887pt too wide) in paragraph at lines 2119--2124
[]\T1/ptm/m/n/10 A [][]\T1/zi4/m/n/10 list[][][] \T1/ptm/m/n/10 con-tain-ing th
e com-po-nents \T1/zi4/m/n/10 twophase\T1/ptm/m/n/10 , \T1/zi4/m/n/10 first\T1/
ptm/m/n/10 , \T1/zi4/m/n/10 cross \T1/ptm/m/n/10 and \T1/zi4/m/n/10 second\T1/p
tm/m/n/10 .Each con-tains the [][]\T1/zi4/m/n/10 pcanon.object[][][]
 []

[36]
LaTeX Font Info:    Font shape `TS1/zi4/m/n' will be
(Font)              scaled to size 9.0pt on input line 2154.
 ("C:\Program Files\MiKTeX 2.9\tex\latex\base\utf8.def"
File: utf8.def 2017/01/28 v1.1t UTF-8 support for inputenc
) [37]
("C:\Program Files\MiKTeX 2.9\tex\latex\base\utf8.def"
File: utf8.def 2017/01/28 v1.1t UTF-8 support for inputenc
) [38]
Overfull \hbox (20.13872pt too wide) in paragraph at lines 2279--2282
[]\T1/ptm/m/n/10 For a \T1/zi4/m/n/10 p2canon \T1/ptm/m/n/10 ob-ject, a \T1/zi4
/m/n/10 list \T1/ptm/m/n/10 with a com-po-nent for each el-e-ment of the \T1/zi
4/m/n/10 Q1 \T1/ptm/m/n/10 ar-gu-ment from [][]\T1/zi4/m/n/10 projs.2canon[][][
]\T1/ptm/m/n/10 .
 []

[39] ("C:\Program Files\MiKTeX 2.9\tex\latex\base\utf8.def"
File: utf8.def 2017/01/28 v1.1t UTF-8 support for inputenc
)
Overfull \hbox (5.17838pt too wide) in paragraph at lines 2349--2358
[]\T1/ptm/m/n/10 The \T1/zi4/m/n/10 aefficiency \T1/ptm/m/n/10 cri-te-rion is t
he har-monic mean of the nonzero ef-fi-ciency fac-tors. The \T1/zi4/m/n/10 meff
iciency
 []


Overfull \hbox (23.16966pt too wide) in paragraph at lines 2361--2364
[]\T1/ptm/m/n/10 A \T1/zi4/m/n/10 list \T1/ptm/m/n/10 whose com-po-nents are \T
1/zi4/m/n/10 aefficiency\T1/ptm/m/n/10 , \T1/zi4/m/n/10 mefficiency\T1/ptm/m/n/
10 , \T1/zi4/m/n/10 sefficiency\T1/ptm/m/n/10 , \T1/zi4/m/n/10 eefficiency\T1/p
tm/m/n/10 , \T1/zi4/m/n/10 xefficiency\T1/ptm/m/n/10 ,
 []

[40] ("C:\Program Files\MiKTeX 2.9\tex\latex\base\utf8.def"
File: utf8.def 2017/01/28 v1.1t UTF-8 support for inputenc
) [41]
("C:\Program Files\MiKTeX 2.9\tex\latex\base\utf8.def"
File: utf8.def 2017/01/28 v1.1t UTF-8 support for inputenc
)
("C:\Program Files\MiKTeX 2.9\tex\latex\base\utf8.def"
File: utf8.def 2017/01/28 v1.1t UTF-8 support for inputenc
) [42]
("C:\Program Files\MiKTeX 2.9\tex\latex\base\utf8.def"
File: utf8.def 2017/01/28 v1.1t UTF-8 support for inputenc
) [43]
("C:\Program Files\MiKTeX 2.9\tex\latex\base\utf8.def"
File: utf8.def 2017/01/28 v1.1t UTF-8 support for inputenc
) [44]
("C:\Program Files\MiKTeX 2.9\tex\latex\base\utf8.def"
File: utf8.def 2017/01/28 v1.1t UTF-8 support for inputenc
)
Overfull \hbox (7.64816pt too wide) in paragraph at lines 2677--2679
[]\T1/ptm/m/n/10 A [][]\T1/zi4/m/n/10 factor[][][] \T1/ptm/m/n/10 that is to be
 di-vided into the in-di-vid-ual [][]\T1/zi4/m/n/10 factor[][][]s \T1/ptm/m/n/1
0 listed in \T1/zi4/m/n/10 factor.names\T1/ptm/m/n/10 . 
 []

[45] ("C:\Program Files\MiKTeX 2.9\tex\latex\base\utf8.def"
File: utf8.def 2017/01/28 v1.1t UTF-8 support for inputenc
) [46] [47]
("C:\Program Files\MiKTeX 2.9\tex\latex\base\utf8.def"
File: utf8.def 2017/01/28 v1.1t UTF-8 support for inputenc
)
Overfull \hbox (2.74767pt too wide) in paragraph at lines 2855--2860
[]\T1/ptm/m/n/10 A [][]\T1/zi4/m/n/10 vector[][][] \T1/ptm/m/n/10 of length equ
al to \T1/zi4/m/n/10 x \T1/ptm/m/n/10 that gives the rows in \T1/zi4/m/n/10 tab
le \T1/ptm/m/n/10 that match the com-bi-na-tions of \T1/zi4/m/n/10 col.names
 []

[48] ("C:\Program Files\MiKTeX 2.9\tex\latex\base\utf8.def"
File: utf8.def 2017/01/28 v1.1t UTF-8 support for inputenc
) [49]
("C:\Program Files\MiKTeX 2.9\tex\latex\base\utf8.def"
File: utf8.def 2017/01/28 v1.1t UTF-8 support for inputenc
) [50]
Overfull \hbox (6.74715pt too wide) in paragraph at lines 3020--3020
 []  \T1/zi4/m/n/9 lay2 <- cbind(lay, fac.multinested(lay$A, nested.levs = seq(
10,60,10), outlabel = "other"))[] 
 []

[51]
Overfull \hbox (35.25941pt too wide) in paragraph at lines 3039--3039
 []  \T1/zi4/m/n/9 canon5 <- designAnatomy(list(~A/(a/(a1+a2+a3)+b/(b1+b2+b3+b4
+b5+b6)+c/(c1+c2+c3))), data = lay5)[] 
 []


Overfull \hbox (18.70728pt too wide) in paragraph at lines 3044--3044
 []                \T1/zi4/m/n/9 fac.multinested(nesting.fac = lay4$A, nested.f
ac = lay$sample, fac.prefix = "samp"))[] 
 []

("C:\Program Files\MiKTeX 2.9\tex\latex\base\utf8.def"
File: utf8.def 2017/01/28 v1.1t UTF-8 support for inputenc
) [52]
("C:\Program Files\MiKTeX 2.9\tex\latex\base\utf8.def"
File: utf8.def 2017/01/28 v1.1t UTF-8 support for inputenc
)
("C:\Program Files\MiKTeX 2.9\tex\latex\base\utf8.def"
File: utf8.def 2017/01/28 v1.1t UTF-8 support for inputenc
) [53]
("C:\Program Files\MiKTeX 2.9\tex\latex\base\utf8.def"
File: utf8.def 2017/01/28 v1.1t UTF-8 support for inputenc
) [54]
("C:\Program Files\MiKTeX 2.9\tex\latex\base\utf8.def"
File: utf8.def 2017/01/28 v1.1t UTF-8 support for inputenc
) [55]
("C:\Program Files\MiKTeX 2.9\tex\latex\base\utf8.def"
File: utf8.def 2017/01/28 v1.1t UTF-8 support for inputenc
) [56]
("C:\Program Files\MiKTeX 2.9\tex\latex\base\utf8.def"
File: utf8.def 2017/01/28 v1.1t UTF-8 support for inputenc
) [57]
("C:\Program Files\MiKTeX 2.9\tex\latex\base\utf8.def"
File: utf8.def 2017/01/28 v1.1t UTF-8 support for inputenc
) [58]
("C:\Program Files\MiKTeX 2.9\tex\latex\base\utf8.def"
File: utf8.def 2017/01/28 v1.1t UTF-8 support for inputenc
)
Overfull \hbox (48.00725pt too wide) in paragraph at lines 3502--3504
[]\T1/ptm/m/n/10 All the el-e-ments of \T1/zi4/m/n/10 x \T1/ptm/m/n/10 are test
ed as be-ing less than \T1/zi4/m/n/10 daeTolerance\T1/ptm/m/n/10 , which is ini
-tially set to \T1/zi4/m/n/10 .Machine$double.eps
 []

("C:\Program Files\MiKTeX 2.9\tex\latex\base\utf8.def"
File: utf8.def 2017/01/28 v1.1t UTF-8 support for inputenc
) [59] [60]
("C:\Program Files\MiKTeX 2.9\tex\latex\base\utf8.def"
File: utf8.def 2017/01/28 v1.1t UTF-8 support for inputenc
) [61]
("C:\Program Files\MiKTeX 2.9\tex\latex\base\utf8.def"
File: utf8.def 2017/01/28 v1.1t UTF-8 support for inputenc
) [62]
("C:\Program Files\MiKTeX 2.9\tex\latex\base\utf8.def"
File: utf8.def 2017/01/28 v1.1t UTF-8 support for inputenc
)
("C:\Program Files\MiKTeX 2.9\tex\latex\base\utf8.def"
File: utf8.def 2017/01/28 v1.1t UTF-8 support for inputenc
)
Underfull \hbox (badness 10000) in paragraph at lines 3747--3747
[]\T1/ptm/m/it/10 Extracts the marginal-ity ma-trix (ma-tri-ces) from a
 []

[63] ("C:\Program Files\MiKTeX 2.9\tex\latex\base\utf8.def"
File: utf8.def 2017/01/28 v1.1t UTF-8 support for inputenc
) [64]
("C:\Program Files\MiKTeX 2.9\tex\latex\base\utf8.def"
File: utf8.def 2017/01/28 v1.1t UTF-8 support for inputenc
) [65]
("C:\Program Files\MiKTeX 2.9\tex\latex\base\utf8.def"
File: utf8.def 2017/01/28 v1.1t UTF-8 support for inputenc
)
Overfull \hbox (7.51073pt too wide) in paragraph at lines 3959--3963
\T1/ptm/m/n/10 Let \T1/zi4/m/n/10 omega = 1 -ARparameters[2] -ARparameters[3] *
 (ARparameters[1] + ARparameters[3])\T1/ptm/m/n/10 .
 []

[66]
Overfull \hbox (24.28088pt too wide) in paragraph at lines 3971--3973
\T1/zi4/m/n/10 ARparameters[1]*corr[k-1] + ARparameters[2]*corr[k-2] + ARparame
ters[3]*corr[k-3]\T1/ptm/m/n/10 . 
 []

("C:\Program Files\MiKTeX 2.9\tex\latex\base\utf8.def"
File: utf8.def 2017/01/28 v1.1t UTF-8 support for inputenc
) [67]
("C:\Program Files\MiKTeX 2.9\tex\latex\base\utf8.def"
File: utf8.def 2017/01/28 v1.1t UTF-8 support for inputenc
)
Overfull \hbox (5.46106pt too wide) in paragraph at lines 4093--4097
[]\T1/zi4/m/n/10 matmult\T1/ptm/m/n/10 , [][]\T1/zi4/m/n/10 mat.ar1[][][]\T1/pt
m/m/n/10 , [][]\T1/zi4/m/n/10 mat.ar2[][][]\T1/ptm/m/n/10 , [][]\T1/zi4/m/n/10 
mat.ar3[][][]\T1/ptm/m/n/10 , [][]\T1/zi4/m/n/10 mat.sar2[][][]\T1/ptm/m/n/10 ,
 [][]\T1/zi4/m/n/10 mat.exp[][][]\T1/ptm/m/n/10 , [][]\T1/zi4/m/n/10 mat.gau[][
][]\T1/ptm/m/n/10 , [][]\T1/zi4/m/n/10 mat.ma1[][][]\T1/ptm/m/n/10 , [][]\T1/zi
4/m/n/10 mat.ma2[][][]\T1/ptm/m/n/10 , [][]\T1/zi4/m/n/10 mat.arma[][][]
 []

[68] ("C:\Program Files\MiKTeX 2.9\tex\latex\base\utf8.def"
File: utf8.def 2017/01/28 v1.1t UTF-8 support for inputenc
)
("C:\Program Files\MiKTeX 2.9\tex\latex\base\utf8.def"
File: utf8.def 2017/01/28 v1.1t UTF-8 support for inputenc
) [69]
("C:\Program Files\MiKTeX 2.9\tex\latex\base\utf8.def"
File: utf8.def 2017/01/28 v1.1t UTF-8 support for inputenc
) [70]
Overfull \hbox (2.72107pt too wide) in paragraph at lines 4241--4245
[][][]\T1/zi4/m/n/10 mat.I[][][]\T1/ptm/m/n/10 , [][]\T1/zi4/m/n/10 mat.J[][][]
\T1/ptm/m/n/10 , [][]\T1/zi4/m/n/10 mat.banded[][][]\T1/ptm/m/n/10 , [][]\T1/zi
4/m/n/10 mat.ar1[][][]\T1/ptm/m/n/10 , [][]\T1/zi4/m/n/10 mat.ar2[][][]\T1/ptm/
m/n/10 , [][]\T1/zi4/m/n/10 mat.ar3[][][]\T1/ptm/m/n/10 , [][]\T1/zi4/m/n/10 ma
t.sar2[][][]\T1/ptm/m/n/10 , [][]\T1/zi4/m/n/10 mat.ma1[][][]\T1/ptm/m/n/10 , [
][]\T1/zi4/m/n/10 mat.ma2[][][]\T1/ptm/m/n/10 , [][]\T1/zi4/m/n/10 mat.arma[][]
[]\T1/ptm/m/n/10 ,
 []

("C:\Program Files\MiKTeX 2.9\tex\latex\base\utf8.def"
File: utf8.def 2017/01/28 v1.1t UTF-8 support for inputenc
) [71]
Overfull \hbox (2.72107pt too wide) in paragraph at lines 4288--4292
[][][]\T1/zi4/m/n/10 mat.I[][][]\T1/ptm/m/n/10 , [][]\T1/zi4/m/n/10 mat.J[][][]
\T1/ptm/m/n/10 , [][]\T1/zi4/m/n/10 mat.banded[][][]\T1/ptm/m/n/10 , [][]\T1/zi
4/m/n/10 mat.ar1[][][]\T1/ptm/m/n/10 , [][]\T1/zi4/m/n/10 mat.ar2[][][]\T1/ptm/
m/n/10 , [][]\T1/zi4/m/n/10 mat.ar3[][][]\T1/ptm/m/n/10 , [][]\T1/zi4/m/n/10 ma
t.sar2[][][]\T1/ptm/m/n/10 , [][]\T1/zi4/m/n/10 mat.ma1[][][]\T1/ptm/m/n/10 , [
][]\T1/zi4/m/n/10 mat.ma2[][][]\T1/ptm/m/n/10 , [][]\T1/zi4/m/n/10 mat.arma[][]
[]\T1/ptm/m/n/10 ,
 []

("C:\Program Files\MiKTeX 2.9\tex\latex\base\utf8.def"
File: utf8.def 2017/01/28 v1.1t UTF-8 support for inputenc
)
("C:\Program Files\MiKTeX 2.9\tex\latex\base\utf8.def"
File: utf8.def 2017/01/28 v1.1t UTF-8 support for inputenc
) [72]
("C:\Program Files\MiKTeX 2.9\tex\latex\base\utf8.def"
File: utf8.def 2017/01/28 v1.1t UTF-8 support for inputenc
) [73]
Overfull \hbox (0.22107pt too wide) in paragraph at lines 4408--4411
[][][]\T1/zi4/m/n/10 mat.I[][][]\T1/ptm/m/n/10 , [][]\T1/zi4/m/n/10 mat.J[][][]
\T1/ptm/m/n/10 , [][]\T1/zi4/m/n/10 mat.exp[][][]\T1/ptm/m/n/10 , [][]\T1/zi4/m
/n/10 mat.gau[][][]\T1/ptm/m/n/10 , [][]\T1/zi4/m/n/10 mat.banded[][][]\T1/ptm/
m/n/10 , [][]\T1/zi4/m/n/10 mat.ar2[][][]\T1/ptm/m/n/10 , [][]\T1/zi4/m/n/10 ma
t.ar3[][][]\T1/ptm/m/n/10 , [][]\T1/zi4/m/n/10 mat.sar2[][][]\T1/ptm/m/n/10 , [
][]\T1/zi4/m/n/10 mat.ma2[][][]\T1/ptm/m/n/10 , [][]\T1/zi4/m/n/10 mat.arma[][]
[] 
 []

("C:\Program Files\MiKTeX 2.9\tex\latex\base\utf8.def"
File: utf8.def 2017/01/28 v1.1t UTF-8 support for inputenc
)
Overfull \hbox (0.22107pt too wide) in paragraph at lines 4470--4473
[][][]\T1/zi4/m/n/10 mat.I[][][]\T1/ptm/m/n/10 , [][]\T1/zi4/m/n/10 mat.J[][][]
\T1/ptm/m/n/10 , [][]\T1/zi4/m/n/10 mat.exp[][][]\T1/ptm/m/n/10 , [][]\T1/zi4/m
/n/10 mat.gau[][][]\T1/ptm/m/n/10 , [][]\T1/zi4/m/n/10 mat.banded[][][]\T1/ptm/
m/n/10 , [][]\T1/zi4/m/n/10 mat.ar1[][][]\T1/ptm/m/n/10 , [][]\T1/zi4/m/n/10 ma
t.ar3[][][]\T1/ptm/m/n/10 , [][]\T1/zi4/m/n/10 mat.sar2[][][]\T1/ptm/m/n/10 , [
][]\T1/zi4/m/n/10 mat.ma1[][][]\T1/ptm/m/n/10 , [][]\T1/zi4/m/n/10 mat.arma[][]
[] 
 []

[74] ("C:\Program Files\MiKTeX 2.9\tex\latex\base\utf8.def"
File: utf8.def 2017/01/28 v1.1t UTF-8 support for inputenc
) [75]
("C:\Program Files\MiKTeX 2.9\tex\latex\base\utf8.def"
File: utf8.def 2017/01/28 v1.1t UTF-8 support for inputenc
)
("C:\Program Files\MiKTeX 2.9\tex\latex\base\utf8.def"
File: utf8.def 2017/01/28 v1.1t UTF-8 support for inputenc
) [76]
("C:\Program Files\MiKTeX 2.9\tex\latex\base\utf8.def"
File: utf8.def 2017/01/28 v1.1t UTF-8 support for inputenc
) [77]
Overfull \hbox (23.01074pt too wide) in paragraph at lines 4705--4708
\T1/zi4/m/n/10 A <-t(W) %*% Vinv %*% W + ginv(Gg) -A%*%ginv(t(X)%*%Vinv%*%X)%*%
t(A)\T1/ptm/m/n/10 , where \T1/zi4/m/n/10 Vinv <-ginv(Vu
 []

[78] ("C:\Program Files\MiKTeX 2.9\tex\latex\base\utf8.def"
File: utf8.def 2017/01/28 v1.1t UTF-8 support for inputenc
) [79]
Overfull \hbox (3.30878pt too wide) in paragraph at lines 4799--4802
[]\T1/ptm/m/n/10 The \T1/zi4/m/n/10 n x w \T1/ptm/m/n/10 in-ci-dence [][]\T1/zi
4/m/n/10 matrix[][][] \T1/ptm/m/n/10 for the \T1/zi4/m/n/10 w \T1/ptm/m/n/10 ef
-fects tar-get-ted for pre-dic-tion, or a [][]\T1/zi4/m/n/10 formula[][][]
 []

[80]
Overfull \hbox (23.01074pt too wide) in paragraph at lines 4860--4866
\T1/zi4/m/n/10 A <-t(W) %*% Vinv %*% W + ginv(Gg) -A%*%ginv(t(X)%*%Vinv%*%X)%*%
t(A)\T1/ptm/m/n/10 , where \T1/zi4/m/n/10 Vinv <-ginv(Vu
 []

[81] ("C:\Program Files\MiKTeX 2.9\tex\latex\base\utf8.def"
File: utf8.def 2017/01/28 v1.1t UTF-8 support for inputenc
)
("C:\Program Files\MiKTeX 2.9\tex\latex\base\utf8.def"
File: utf8.def 2017/01/28 v1.1t UTF-8 support for inputenc
) [82]
("C:\Program Files\MiKTeX 2.9\tex\latex\base\utf8.def"
File: utf8.def 2017/01/28 v1.1t UTF-8 support for inputenc
)
("C:\Program Files\MiKTeX 2.9\tex\latex\base\utf8.def"
File: utf8.def 2017/01/28 v1.1t UTF-8 support for inputenc
) [83] [84]
("C:\Program Files\MiKTeX 2.9\tex\latex\base\utf8.def"
File: utf8.def 2017/01/28 v1.1t UTF-8 support for inputenc
)
("C:\Program Files\MiKTeX 2.9\tex\latex\base\utf8.def"
File: utf8.def 2017/01/28 v1.1t UTF-8 support for inputenc
)
Overfull \hbox (12.55835pt too wide) in paragraph at lines 5122--5124
[]\T1/ptm/m/n/10 An ob-ject of class \T1/zi4/m/n/10 p2canon \T1/ptm/m/n/10 that
 con-tains in-for-ma-tion de-rived from two \T1/zi4/m/n/10 formulae \T1/ptm/m/n
/10 us-ing [][]\T1/zi4/m/n/10 projs.2canon[][][]\T1/ptm/m/n/10 . 
 []

[85]
Overfull \hbox (7.62097pt too wide) in paragraph at lines 5155--5160
\T1/zi4/m/n/10 aefficiency\T1/ptm/m/n/10 , \T1/zi4/m/n/10 mefficiency\T1/ptm/m/
n/10 , \T1/zi4/m/n/10 sefficiency\T1/ptm/m/n/10 , \T1/zi4/m/n/10 eefficiency\T1
/ptm/m/n/10 , \T1/zi4/m/n/10 xefficiency\T1/ptm/m/n/10 , \T1/zi4/m/n/10 order \
T1/ptm/m/n/10 and \T1/zi4/m/n/10 dforthog
 []

("C:\Program Files\MiKTeX 2.9\tex\latex\base\utf8.def"
File: utf8.def 2017/01/28 v1.1t UTF-8 support for inputenc
)
Overfull \hbox (25.57814pt too wide) in paragraph at lines 5182--5184
[]\T1/ptm/m/n/10 An ob-ject of class \T1/zi4/m/n/10 pcanon \T1/ptm/m/n/10 that 
con-tains in-for-ma-tion de-rived from sev-eral \T1/zi4/m/n/10 formulae \T1/ptm
/m/n/10 us-ing [][]\T1/zi4/m/n/10 designAnatomy[][][]\T1/ptm/m/n/10 . 
 []

[86] ("C:\Program Files\MiKTeX 2.9\tex\latex\base\utf8.def"
File: utf8.def 2017/01/28 v1.1t UTF-8 support for inputenc
) [87]
("C:\Program Files\MiKTeX 2.9\tex\latex\base\utf8.def"
File: utf8.def 2017/01/28 v1.1t UTF-8 support for inputenc
) [88]
("C:\Program Files\MiKTeX 2.9\tex\latex\base\utf8.def"
File: utf8.def 2017/01/28 v1.1t UTF-8 support for inputenc
)
("C:\Program Files\MiKTeX 2.9\tex\latex\base\utf8.def"
File: utf8.def 2017/01/28 v1.1t UTF-8 support for inputenc
) [89]
("C:\Program Files\MiKTeX 2.9\tex\latex\base\utf8.def"
File: utf8.def 2017/01/28 v1.1t UTF-8 support for inputenc
) [90]
("C:\Program Files\MiKTeX 2.9\tex\latex\base\utf8.def"
File: utf8.def 2017/01/28 v1.1t UTF-8 support for inputenc
) [91]
("C:\Program Files\MiKTeX 2.9\tex\latex\base\utf8.def"
File: utf8.def 2017/01/28 v1.1t UTF-8 support for inputenc
) [92] [93]
("C:\Program Files\MiKTeX 2.9\tex\latex\base\utf8.def"
File: utf8.def 2017/01/28 v1.1t UTF-8 support for inputenc
)
Overfull \hbox (18.09889pt too wide) in paragraph at lines 5693--5699
\T1/ptm/m/n/10 which is ini-tially set to \T1/zi4/m/n/10 .Machine$double.eps ^ 
0.5 \T1/ptm/m/n/10 (about 1.5E-08). The func-tion [][]\T1/zi4/m/n/10 set.daeTol
erance[][][]
 []

[94] ("C:\Program Files\MiKTeX 2.9\tex\latex\base\utf8.def"
File: utf8.def 2017/01/28 v1.1t UTF-8 support for inputenc
) [95] [96]
("C:\Program Files\MiKTeX 2.9\tex\latex\base\utf8.def"
File: utf8.def 2017/01/28 v1.1t UTF-8 support for inputenc
) [97]
("C:\Program Files\MiKTeX 2.9\tex\latex\base\utf8.def"
File: utf8.def 2017/01/28 v1.1t UTF-8 support for inputenc
)
Overfull \hbox (25.43922pt too wide) in paragraph at lines 5916--5921
[]\T1/ptm/m/n/10 Objects can be cre-ated by calls of the form \T1/zi4/m/n/10 ne
w("projector",data,nrow,ncol,byrow,dimnames,...)\T1/ptm/m/n/10 .
 []

[98] ("C:\Program Files\MiKTeX 2.9\tex\latex\base\utf8.def"
File: utf8.def 2017/01/28 v1.1t UTF-8 support for inputenc
) [99]
Overfull \hbox (6.60057pt too wide) in paragraph at lines 6055--6060
[][]\T1/zi4/m/n/10 proj2.efficiency[][][]\T1/ptm/m/n/10 , [][]\T1/zi4/m/n/10 pr
oj2.combine[][][]\T1/ptm/m/n/10 , [][]\T1/zi4/m/n/10 proj2.eigen[][][]\T1/ptm/m
/n/10 , [][]\T1/zi4/m/n/10 efficiency.criteria[][][] \T1/ptm/m/n/10 in pack-age
 \T1/ptm/b/n/10 dae\T1/ptm/m/n/10 , [][]\T1/zi4/m/n/10 eigen[][][]\T1/ptm/m/n/1
0 . 
 []

("C:\Program Files\MiKTeX 2.9\tex\latex\base\utf8.def"
File: utf8.def 2017/01/28 v1.1t UTF-8 support for inputenc
) [100]
("C:\Program Files\MiKTeX 2.9\tex\latex\base\utf8.def"
File: utf8.def 2017/01/28 v1.1t UTF-8 support for inputenc
) [101] [102]
Overfull \hbox (34.70824pt too wide) in paragraph at lines 6243--6249
[]\T1/ptm/m/n/10 A [][]\T1/zi4/m/n/10 logical[][][]\T1/ptm/m/n/10 , which, if \
T1/zi4/m/n/10 TRUE\T1/ptm/m/n/10 , re-sults in the [][]\T1/zi4/m/n/10 projector
[][][]\T1/ptm/m/n/10 s in the \T1/zi4/m/n/10 Q \T1/ptm/m/n/10 of the \T1/zi4/m/
n/10 pstructure.object
 []

[103] [104] ("C:\Program Files\MiKTeX 2.9\tex\latex\base\utf8.def"
File: utf8.def 2017/01/28 v1.1t UTF-8 support for inputenc
)
Overfull \hbox (42.09842pt too wide) in paragraph at lines 6384--6386
[]\T1/ptm/m/n/10 An ob-ject of class \T1/zi4/m/n/10 pstructure \T1/ptm/m/n/10 t
hat con-tains in-for-ma-tion de-rived from a [][]\T1/zi4/m/n/10 formula[][][] \
T1/ptm/m/n/10 us-ing [][]\T1/zi4/m/n/10 pstructure.formula[][][]\T1/ptm/m/n/10 
.
 []


Overfull \hbox (12.7679pt too wide) in paragraph at lines 6392--6397
\T1/ptm/m/n/10 non-aliased term/source in the \T1/zi4/m/n/10 formula\T1/ptm/m/n
/10 ; if \T1/zi4/m/n/10 grandMean \T1/ptm/m/n/10 is \T1/zi4/m/n/10 TRUE \T1/ptm
/m/n/10 in the call to [][]\T1/zi4/m/n/10 pstructure.formula[][][]
 []


Overfull \hbox (57.21707pt too wide) in paragraph at lines 6422--6424
[]\T1/ptm/m/n/10 efficiency cri-te-ria: a set of columns for the com-plete set 
of cri-te-ria cal-cu-lated by [][]\T1/zi4/m/n/10 efficiency.criteria[][][]\T1/p
tm/m/n/10 . 
 []

[105] ("C:\Program Files\MiKTeX 2.9\tex\latex\base\utf8.def"
File: utf8.def 2017/01/28 v1.1t UTF-8 support for inputenc
)
Overfull \hbox (22.1388pt too wide) in paragraph at lines 6480--6482
[]\T1/ptm/m/n/10 The num-ber of a plot-ting sym-bol to be drawn when plot-ting 
points (use \T1/zi4/m/n/10 help(points)
 []

[106] ("C:\Program Files\MiKTeX 2.9\tex\latex\base\utf8.def"
File: utf8.def 2017/01/28 v1.1t UTF-8 support for inputenc
) [107]
("C:\Program Files\MiKTeX 2.9\tex\latex\base\utf8.def"
File: utf8.def 2017/01/28 v1.1t UTF-8 support for inputenc
) [108]
("C:\Program Files\MiKTeX 2.9\tex\latex\base\utf8.def"
File: utf8.def 2017/01/28 v1.1t UTF-8 support for inputenc
) [109]
("C:\Program Files\MiKTeX 2.9\tex\latex\base\utf8.def"
File: utf8.def 2017/01/28 v1.1t UTF-8 support for inputenc
) [110]
("C:\Program Files\MiKTeX 2.9\tex\latex\base\utf8.def"
File: utf8.def 2017/01/28 v1.1t UTF-8 support for inputenc
)
("C:\Program Files\MiKTeX 2.9\tex\latex\base\utf8.def"
File: utf8.def 2017/01/28 v1.1t UTF-8 support for inputenc
) [111]
("C:\Program Files\MiKTeX 2.9\tex\latex\base\utf8.def"
File: utf8.def 2017/01/28 v1.1t UTF-8 support for inputenc
)
("C:\Program Files\MiKTeX 2.9\tex\latex\base\utf8.def"
File: utf8.def 2017/01/28 v1.1t UTF-8 support for inputenc
) [112]
("C:\Program Files\MiKTeX 2.9\tex\latex\base\utf8.def"
File: utf8.def 2017/01/28 v1.1t UTF-8 support for inputenc
) [113]
Overfull \hbox (3.11789pt too wide) in paragraph at lines 6981--6986
\T1/ptm/m/n/10 joint de-com-po-si-tion of two sets of pro-jec-tors (Brien and B
ai-ley, 2009) ob-tained us-ing [][]\T1/zi4/m/n/10 projs.2canon[][][]\T1/ptm/m/n
/10 .
 []


Overfull \hbox (34.88098pt too wide) in paragraph at lines 7030--7035
[][][]\T1/zi4/m/n/10 projs.2canon[][][]\T1/ptm/m/n/10 , [][]\T1/zi4/m/n/10 proj
2.efficiency[][][]\T1/ptm/m/n/10 , [][]\T1/zi4/m/n/10 efficiency.criteria[][][]
\T1/ptm/m/n/10 , [][]\T1/zi4/m/n/10 proj2.combine[][][]\T1/ptm/m/n/10 , [][]\T1
/zi4/m/n/10 proj2.eigen[][][]\T1/ptm/m/n/10 , [][]\T1/zi4/m/n/10 pstructure[][]
[]\T1/ptm/m/n/10 , 
 []

[114] ("C:\Program Files\MiKTeX 2.9\tex\latex\base\utf8.def"
File: utf8.def 2017/01/28 v1.1t UTF-8 support for inputenc
)
Overfull \hbox (12.95953pt too wide) in paragraph at lines 7097--7106
\T1/ptm/m/n/10 sum-mary. It can be \T1/zi4/m/n/10 none\T1/ptm/m/n/10 , \T1/zi4/
m/n/10 all \T1/ptm/m/n/10 or some com-bi-na-tion of \T1/zi4/m/n/10 aefficiency\
T1/ptm/m/n/10 , \T1/zi4/m/n/10 mefficiency\T1/ptm/m/n/10 ,
 []

[115] ("C:\Program Files\MiKTeX 2.9\tex\latex\base\utf8.def"
File: utf8.def 2017/01/28 v1.1t UTF-8 support for inputenc
) [116] [117]
("C:\Program Files\MiKTeX 2.9\tex\latex\base\utf8.def"
File: utf8.def 2017/01/28 v1.1t UTF-8 support for inputenc
) [118]
("C:\Program Files\MiKTeX 2.9\tex\latex\base\utf8.def"
File: utf8.def 2017/01/28 v1.1t UTF-8 support for inputenc
) [119] (Rd2.ind [120]
LaTeX Font Info:    Font shape `T1/ptm/bx/n' in size <12> not available
(Font)              Font shape `T1/ptm/b/n' tried instead on input line 3.

[121

] [122]

LaTeX Font Warning: Font shape `T1/zi4/m/it' undefined
(Font)              using `T1/zi4/m/n' instead on input line 217.

LaTeX Font Info:    Font shape `T1/zi4/m/it' will be
(Font)              scaled to size 10.0pt on input line 234.
[123] [124] [125

])
Package atveryend Info: Empty hook `BeforeClearDocument' on input line 7373.
Package atveryend Info: Empty hook `AfterLastShipout' on input line 7373.
 (Rd2.aux)
Package atveryend Info: Executing hook `AtVeryEndDocument' on input line 7373.
Package atveryend Info: Executing hook `AtEndAfterFileList' on input line 7373.

Package rerunfilecheck Info: File `Rd2.out' has not changed.
(rerunfilecheck)             Checksum: A124A22632F12977FB392674DD40995D;6061.


LaTeX Font Warning: Some font shapes were not available, defaults substituted.

Package atveryend Info: Empty hook `AtVeryVeryEnd' on input line 7373.
 ) 
Here is how much of TeX's memory you used:
 8144 strings out of 493333
 121576 string characters out of 3139242
 239613 words of memory out of 3000000
 10224 multiletter control sequences out of 15000+200000
 44456 words of font info for 54 fonts, out of 3000000 for 9000
 1141 hyphenation exceptions out of 8191
 38i,6n,36p,1276b,592s stack positions out of 5000i,500n,10000p,200000b,50000s
pdfTeX warning (dest): name{Rfn.chol} has been referenced but does not exist,
 replaced by a fixed one

pdfTeX warning (dest): name{Rfn.rnorm} has been referenced but does not exist, 
replaced by a fixed one

pdfTeX warning (dest): name{Rfn.qqnorm} has been referenced but does not exist,
 replaced by a fixed one

pdfTeX warning (dest): name{Rfn.vector.Rdash.class} has been referenced but doe
s not exist, replaced by a fixed one

pdfTeX warning (dest): name{Rfn.structure.Rdash.class} has been referenced but 
does not exist, replaced by a fixed one

pdfTeX warning (dest): name{Rfn.array.Rdash.class} has been referenced but does
 not exist, replaced by a fixed one

pdfTeX warning (dest): name{Rfn.matrix.Rdash.class} has been referenced but doe
s not exist, replaced by a fixed one

pdfTeX warning (dest): name{Rfn.show} has been referenced but does not exist, r
eplaced by a fixed one

pdfTeX warning (dest): name{Rfn.print.default} has been referenced but does not
 exist, replaced by a fixed one

pdfTeX warning (dest): name{Rfn.print} has been referenced but does not exist, 
replaced by a fixed one

pdfTeX warning (dest): name{Rfn.interaction.plot} has been referenced but does 
not exist, replaced by a fixed one

pdfTeX warning (dest): name{Rfn.aov} has been referenced but does not exist, re
placed by a fixed one

pdfTeX warning (dest): name{Rfn.relevel} has been referenced but does not exist
, replaced by a fixed one

pdfTeX warning (dest): name{Rfn.factor.Rdash.class} has been referenced but doe
s not exist, replaced by a fixed one

pdfTeX warning (dest): name{Rfn.vector} has been referenced but does not exist,
 replaced by a fixed one

pdfTeX warning (dest): name{Rfn.match} has been referenced but does not exist, 
replaced by a fixed one

pdfTeX warning (dest): name{Rfn.polygon} has been referenced but does not exist
, replaced by a fixed one

pdfTeX warning (dest): name{Rfn.integer} has been referenced but does not exist
, replaced by a fixed one

pdfTeX warning (dest): name{Rfn.text} has been referenced but does not exist, r
eplaced by a fixed one

pdfTeX warning (dest): name{Rfn.geom.Rul.text} has been referenced but does not
 exist, replaced by a fixed one

pdfTeX warning (dest): name{Rfn.ggplot} has been referenced but does not exist,
 replaced by a fixed one

pdfTeX warning (dest): name{Rfn.formula} has been referenced but does not exist
, replaced by a fixed one

pdfTeX warning (dest): name{Rfn.eigen} has been referenced but does not exist, 
replaced by a fixed one

pdfTeX warning (dest): name{Rfn.list} has been referenced but does not exist, r
eplaced by a fixed one

pdfTeX warning (dest): name{Rfn.par} has been referenced but does not exist, re
placed by a fixed one

pdfTeX warning (dest): name{Rfn.numeric} has been referenced but does not exist
, replaced by a fixed one

pdfTeX warning (dest): name{Rfn.matrix} has been referenced but does not exist,
 replaced by a fixed one

pdfTeX warning (dest): name{Rfn.as.numeric} has been referenced but does not ex
ist, replaced by a fixed one

pdfTeX warning (dest): name{Rfn.factor} has been referenced but does not exist,
 replaced by a fixed one

pdfTeX warning (dest): name{Rfn.as.data.frame} has been referenced but does not
 exist, replaced by a fixed one

pdfTeX warning (dest): name{Rfn.logical} has been referenced but does not exist
, replaced by a fixed one

pdfTeX warning (dest): name{Rfn.character} has been referenced but does not exi
st, replaced by a fixed one

pdfTeX warning (dest): name{Rfn.data.frame} has been referenced but does not ex
ist, replaced by a fixed one

{C:/Program Files/MiKTeX 2.9/fonts/enc/dvips/inconsolata/i4-ts1.enc}{C:/Program
 Files/MiKTeX 2.9/fonts/enc/dvips/base/8r.enc}{C:/Program Files/MiKTeX 2.9/font
s/enc/dvips/inconsolata/i4-t1-0.enc}<C:/Program Files/MiKTeX 2.9/fonts/type1/pu
blic/inconsolata/Inconsolata-zi4r.pfb><C:/Program Files/MiKTeX 2.9/fonts/type1/
public/amsfonts/cm/cmbx10.pfb><C:/Program Files/MiKTeX 2.9/fonts/type1/public/a
msfonts/cm/cmmi10.pfb><C:/Program Files/MiKTeX 2.9/fonts/type1/public/amsfonts/
cm/cmmi7.pfb><C:/Program Files/MiKTeX 2.9/fonts/type1/public/amsfonts/cm/cmmib1
0.pfb><C:/Program Files/MiKTeX 2.9/fonts/type1/public/amsfonts/cm/cmr10.pfb><C:
/Program Files/MiKTeX 2.9/fonts/type1/public/amsfonts/cm/cmr7.pfb><C:/Program F
iles/MiKTeX 2.9/fonts/type1/public/amsfonts/cm/cmsy10.pfb><C:/Program Files/MiK
TeX 2.9/fonts/type1/public/amsfonts/cm/cmsy7.pfb><C:/Program Files/MiKTeX 2.9/f
onts/type1/urw/helvetic/uhvr8a.pfb><C:/Program Files/MiKTeX 2.9/fonts/type1/urw
/times/utmb8a.pfb><C:/Program Files/MiKTeX 2.9/fonts/type1/urw/times/utmr8a.pfb
><C:/Program Files/MiKTeX 2.9/fonts/type1/urw/times/utmr8a.pfb><C:/Program File
s/MiKTeX 2.9/fonts/type1/urw/times/utmri8a.pfb>
Output written on Rd2.pdf (125 pages, 1021229 bytes).
PDF statistics:
 4300 PDF objects out of 5155 (max. 8388607)
 1131 named destinations out of 1200 (max. 500000)
 833 words of extra memory for PDF output out of 10000 (max. 10000000)

